Copyright 1986-2018 Xilinx, Inc. All Rights Reserved.
--------------------------------------------------------------------------------------------------------------------------------------------------------------------------------
| Tool Version : Vivado v.2018.3 (lin64) Build 2405991 Thu Dec  6 23:36:41 MST 2018
| Date         : Sun Sep 15 20:48:23 2019
| Host         : jue-Lenovo-ideapad-320S-14IKB running 64-bit Ubuntu 18.04.2 LTS
| Command      : report_timing_summary -max_paths 10 -file top_timing_summary_routed.rpt -pb top_timing_summary_routed.pb -rpx top_timing_summary_routed.rpx -warn_on_violation
| Design       : top
| Device       : 7a35t-ftg256
| Speed File   : -1  PRODUCTION 1.23 2018-06-13
--------------------------------------------------------------------------------------------------------------------------------------------------------------------------------

Timing Summary Report

------------------------------------------------------------------------------------------------
| Timer Settings
| --------------
------------------------------------------------------------------------------------------------

  Enable Multi Corner Analysis               :  Yes
  Enable Pessimism Removal                   :  Yes
  Pessimism Removal Resolution               :  Nearest Common Node
  Enable Input Delay Default Clock           :  No
  Enable Preset / Clear Arcs                 :  No
  Disable Flight Delays                      :  No
  Ignore I/O Paths                           :  No
  Timing Early Launch at Borrowing Latches   :  false

  Corner  Analyze    Analyze    
  Name    Max Paths  Min Paths  
  ------  ---------  ---------  
  Slow    Yes        Yes        
  Fast    Yes        Yes        



check_timing report

Table of Contents
-----------------
1. checking no_clock
2. checking constant_clock
3. checking pulse_width_clock
4. checking unconstrained_internal_endpoints
5. checking no_input_delay
6. checking no_output_delay
7. checking multiple_clock
8. checking generated_clocks
9. checking loops
10. checking partial_input_delay
11. checking partial_output_delay
12. checking latch_loops

1. checking no_clock
--------------------
 There are 44 register/latch pins with no clock driven by root clock pin: ext_rst_n (HIGH)

 There are 27 register/latch pins with no clock driven by root clock pin: sys_clk_i (HIGH)

 There is 1 register/latch pin with no clock driven by root clock pin: c1/clk_counter_reg[0]_LDC/Q (HIGH)

 There is 1 register/latch pin with no clock driven by root clock pin: c1/clk_counter_reg[0]_P/Q (HIGH)

 There is 1 register/latch pin with no clock driven by root clock pin: c1/clk_counter_reg[10]_LDC/Q (HIGH)

 There is 1 register/latch pin with no clock driven by root clock pin: c1/clk_counter_reg[10]_P/Q (HIGH)

 There are 3 register/latch pins with no clock driven by root clock pin: c1/clk_counter_reg[11]_LDC/Q (HIGH)

 There are 3 register/latch pins with no clock driven by root clock pin: c1/clk_counter_reg[11]_P/Q (HIGH)

 There are 25 register/latch pins with no clock driven by root clock pin: c1/clk_counter_reg[12]_LDC/Q (HIGH)

 There are 25 register/latch pins with no clock driven by root clock pin: c1/clk_counter_reg[12]_P/Q (HIGH)

 There are 25 register/latch pins with no clock driven by root clock pin: c1/clk_counter_reg[13]_P/Q (HIGH)

 There are 2 register/latch pins with no clock driven by root clock pin: c1/clk_counter_reg[16]_LDC/Q (HIGH)

 There are 2 register/latch pins with no clock driven by root clock pin: c1/clk_counter_reg[16]_P/Q (HIGH)

 There is 1 register/latch pin with no clock driven by root clock pin: c1/clk_counter_reg[17]_LDC/Q (HIGH)

 There is 1 register/latch pin with no clock driven by root clock pin: c1/clk_counter_reg[17]_P/Q (HIGH)

 There is 1 register/latch pin with no clock driven by root clock pin: c1/clk_counter_reg[18]_LDC/Q (HIGH)

 There is 1 register/latch pin with no clock driven by root clock pin: c1/clk_counter_reg[18]_P/Q (HIGH)

 There are 21 register/latch pins with no clock driven by root clock pin: c1/clk_counter_reg[19]_P/Q (HIGH)

 There is 1 register/latch pin with no clock driven by root clock pin: c1/clk_counter_reg[1]_LDC/Q (HIGH)

 There is 1 register/latch pin with no clock driven by root clock pin: c1/clk_counter_reg[1]_P/Q (HIGH)

 There are 21 register/latch pins with no clock driven by root clock pin: c1/clk_counter_reg[20]_LDC/Q (HIGH)

 There are 21 register/latch pins with no clock driven by root clock pin: c1/clk_counter_reg[20]_P/Q (HIGH)

 There are 19 register/latch pins with no clock driven by root clock pin: c1/clk_counter_reg[24]_LDC/Q (HIGH)

 There are 19 register/latch pins with no clock driven by root clock pin: c1/clk_counter_reg[24]_P/Q (HIGH)

 There are 20 register/latch pins with no clock driven by root clock pin: c1/clk_counter_reg[25]_LDC/Q (HIGH)

 There are 20 register/latch pins with no clock driven by root clock pin: c1/clk_counter_reg[25]_P/Q (HIGH)

 There is 1 register/latch pin with no clock driven by root clock pin: c1/clk_counter_reg[2]_LDC/Q (HIGH)

 There is 1 register/latch pin with no clock driven by root clock pin: c1/clk_counter_reg[2]_P/Q (HIGH)

 There is 1 register/latch pin with no clock driven by root clock pin: c1/clk_counter_reg[3]_LDC/Q (HIGH)

 There is 1 register/latch pin with no clock driven by root clock pin: c1/clk_counter_reg[3]_P/Q (HIGH)

 There is 1 register/latch pin with no clock driven by root clock pin: c1/clk_counter_reg[4]_LDC/Q (HIGH)

 There is 1 register/latch pin with no clock driven by root clock pin: c1/clk_counter_reg[4]_P/Q (HIGH)

 There is 1 register/latch pin with no clock driven by root clock pin: c1/clk_counter_reg[5]_LDC/Q (HIGH)

 There is 1 register/latch pin with no clock driven by root clock pin: c1/clk_counter_reg[5]_P/Q (HIGH)

 There is 1 register/latch pin with no clock driven by root clock pin: c1/clk_counter_reg[6]_LDC/Q (HIGH)

 There is 1 register/latch pin with no clock driven by root clock pin: c1/clk_counter_reg[6]_P/Q (HIGH)

 There is 1 register/latch pin with no clock driven by root clock pin: c1/clk_counter_reg[7]_LDC/Q (HIGH)

 There is 1 register/latch pin with no clock driven by root clock pin: c1/clk_counter_reg[7]_P/Q (HIGH)

 There are 4 register/latch pins with no clock driven by root clock pin: c1/clk_counter_reg[8]_LDC/Q (HIGH)

 There are 4 register/latch pins with no clock driven by root clock pin: c1/clk_counter_reg[8]_P/Q (HIGH)

 There are 5 register/latch pins with no clock driven by root clock pin: c1/clk_counter_reg[9]_LDC/Q (HIGH)

 There are 5 register/latch pins with no clock driven by root clock pin: c1/clk_counter_reg[9]_P/Q (HIGH)

 There are 26 register/latch pins with no clock driven by root clock pin: c1/clk_reg_LDC/Q (HIGH)

 There are 26 register/latch pins with no clock driven by root clock pin: c1/clk_reg_P/Q (HIGH)

 There are 4 register/latch pins with no clock driven by root clock pin: m1/n2_reg_LDC/Q (HIGH)

 There are 4 register/latch pins with no clock driven by root clock pin: m1/n2_reg_P/Q (HIGH)

 There are 5 register/latch pins with no clock driven by root clock pin: m1/n3_reg_LDC/Q (HIGH)

 There are 5 register/latch pins with no clock driven by root clock pin: m1/n3_reg_P/Q (HIGH)

 There are 3 register/latch pins with no clock driven by root clock pin: m1/n4_reg_LDC/Q (HIGH)

 There are 3 register/latch pins with no clock driven by root clock pin: m1/n4_reg_P/Q (HIGH)

 There are 2 register/latch pins with no clock driven by root clock pin: m1/number1_reg[0]_LDC/Q (HIGH)

 There are 3 register/latch pins with no clock driven by root clock pin: m1/number1_reg[0]_P/Q (HIGH)

 There is 1 register/latch pin with no clock driven by root clock pin: m1/number1_reg[1]_LDC/Q (HIGH)

 There are 4 register/latch pins with no clock driven by root clock pin: m1/number1_reg[1]_P/Q (HIGH)

 There are 4 register/latch pins with no clock driven by root clock pin: m1/number1_reg[3]_LDC/Q (HIGH)

 There are 5 register/latch pins with no clock driven by root clock pin: m1/number1_reg[3]_P/Q (HIGH)

 There is 1 register/latch pin with no clock driven by root clock pin: m1/number2_reg[0]_LDC/Q (HIGH)

 There are 3 register/latch pins with no clock driven by root clock pin: m1/number2_reg[0]_P/Q (HIGH)

 There are 4 register/latch pins with no clock driven by root clock pin: m1/number2_reg[1]_P/Q (HIGH)

 There are 3 register/latch pins with no clock driven by root clock pin: m1/number2_reg[2]_LDC/Q (HIGH)

 There are 4 register/latch pins with no clock driven by root clock pin: m1/number2_reg[2]_P/Q (HIGH)

 There are 2 register/latch pins with no clock driven by root clock pin: m1/number3_reg[0]_LDC/Q (HIGH)

 There are 3 register/latch pins with no clock driven by root clock pin: m1/number3_reg[0]_P/Q (HIGH)

 There is 1 register/latch pin with no clock driven by root clock pin: m1/number3_reg[1]_LDC/Q (HIGH)

 There are 4 register/latch pins with no clock driven by root clock pin: m1/number3_reg[1]_P/Q (HIGH)

 There are 4 register/latch pins with no clock driven by root clock pin: m1/number3_reg[3]_LDC/Q (HIGH)

 There are 5 register/latch pins with no clock driven by root clock pin: m1/number3_reg[3]_P/Q (HIGH)

 There is 1 register/latch pin with no clock driven by root clock pin: m1/number4_reg[1]_LDC/Q (HIGH)

 There are 3 register/latch pins with no clock driven by root clock pin: m1/number4_reg[1]_P/Q (HIGH)

 There are 2 register/latch pins with no clock driven by root clock pin: m1/number4_reg[2]_LDC/Q (HIGH)

 There are 3 register/latch pins with no clock driven by root clock pin: m1/number4_reg[2]_P/Q (HIGH)


2. checking constant_clock
--------------------------
 There are 0 register/latch pins with constant_clock.


3. checking pulse_width_clock
-----------------------------
 There are 0 register/latch pins which need pulse_width check


4. checking unconstrained_internal_endpoints
--------------------------------------------
 There are 124 pins that are not constrained for maximum delay. (HIGH)

 There are 0 pins that are not constrained for maximum delay due to constant clock.


5. checking no_input_delay
--------------------------
 There is 1 input port with no input delay specified. (HIGH)

 There are 0 input ports with no input delay but user has a false path constraint.


6. checking no_output_delay
---------------------------
 There are 11 ports with no output delay specified. (HIGH)

 There are 0 ports with no output delay but user has a false path constraint

 There are 0 ports with no output delay but with a timing clock defined on it or propagating through it


7. checking multiple_clock
--------------------------
 There are 0 register/latch pins with multiple clocks.


8. checking generated_clocks
----------------------------
 There are 0 generated clocks that are not connected to a clock source.


9. checking loops
-----------------
 There are 0 combinational loops in the design.


10. checking partial_input_delay
--------------------------------
 There are 0 input ports with partial input delay specified.


11. checking partial_output_delay
---------------------------------
 There are 0 ports with partial output delay specified.


12. checking latch_loops
------------------------
 There are 0 combinational latch loops in the design through latch input



------------------------------------------------------------------------------------------------
| Design Timing Summary
| ---------------------
------------------------------------------------------------------------------------------------

    WNS(ns)      TNS(ns)  TNS Failing Endpoints  TNS Total Endpoints      WHS(ns)      THS(ns)  THS Failing Endpoints  THS Total Endpoints     WPWS(ns)     TPWS(ns)  TPWS Failing Endpoints  TPWS Total Endpoints  
    -------      -------  ---------------------  -------------------      -------      -------  ---------------------  -------------------     --------     --------  ----------------------  --------------------  
         NA           NA                     NA                   NA           NA           NA                     NA                   NA           NA           NA                      NA                    NA  


There are no user specified timing constraints.


------------------------------------------------------------------------------------------------
| Clock Summary
| -------------
------------------------------------------------------------------------------------------------


------------------------------------------------------------------------------------------------
| Intra Clock Table
| -----------------
------------------------------------------------------------------------------------------------

Clock             WNS(ns)      TNS(ns)  TNS Failing Endpoints  TNS Total Endpoints      WHS(ns)      THS(ns)  THS Failing Endpoints  THS Total Endpoints     WPWS(ns)     TPWS(ns)  TPWS Failing Endpoints  TPWS Total Endpoints  
-----             -------      -------  ---------------------  -------------------      -------      -------  ---------------------  -------------------     --------     --------  ----------------------  --------------------  


------------------------------------------------------------------------------------------------
| Inter Clock Table
| -----------------
------------------------------------------------------------------------------------------------

From Clock    To Clock          WNS(ns)      TNS(ns)  TNS Failing Endpoints  TNS Total Endpoints      WHS(ns)      THS(ns)  THS Failing Endpoints  THS Total Endpoints  
----------    --------          -------      -------  ---------------------  -------------------      -------      -------  ---------------------  -------------------  


------------------------------------------------------------------------------------------------
| Other Path Groups Table
| -----------------------
------------------------------------------------------------------------------------------------

Path Group    From Clock    To Clock          WNS(ns)      TNS(ns)  TNS Failing Endpoints  TNS Total Endpoints      WHS(ns)      THS(ns)  THS Failing Endpoints  THS Total Endpoints  
----------    ----------    --------          -------      -------  ---------------------  -------------------      -------      -------  ---------------------  -------------------  


------------------------------------------------------------------------------------------------
| Timing Details
| --------------
------------------------------------------------------------------------------------------------


